2023-02-05 14:25:13,331 - INFO - start bot
2023-02-05 14:25:13,332 - INFO - Scheduler started
2023-02-05 14:28:06,797 - INFO - Received signal 2 (SIGINT), stopping...
2023-02-05 14:28:06,813 - INFO - Scheduler has been shut down
2023-02-05 14:28:06,938 - WARNING - Exiting immediately!
2023-02-05 14:28:12,334 - INFO - start bot
2023-02-05 14:28:12,334 - INFO - Scheduler started
2023-02-05 14:30:10,837 - INFO - Received signal 2 (SIGINT), stopping...
2023-02-05 14:30:10,852 - INFO - Scheduler has been shut down
2023-02-05 14:30:11,039 - WARNING - Exiting immediately!
2023-02-05 14:30:22,021 - INFO - start bot
2023-02-05 14:30:22,021 - INFO - Scheduler started
2023-02-05 14:31:36,686 - INFO - Received signal 2 (SIGINT), stopping...
2023-02-05 14:31:36,702 - INFO - Scheduler has been shut down
2023-02-05 14:31:36,890 - WARNING - Exiting immediately!
2023-02-05 16:11:09,834 - INFO - start bot
2023-02-05 16:11:09,834 - INFO - Scheduler started
2023-02-05 16:12:21,108 - INFO - Received signal 2 (SIGINT), stopping...
2023-02-05 16:12:21,124 - INFO - Scheduler has been shut down
2023-02-05 16:12:21,218 - WARNING - Exiting immediately!
2023-02-05 16:16:51,464 - INFO - start bot
2023-02-05 16:16:51,464 - INFO - Scheduler started
2023-02-05 16:17:26,543 - INFO - Received signal 2 (SIGINT), stopping...
2023-02-05 16:17:26,543 - INFO - Scheduler has been shut down
2023-02-05 16:18:31,736 - INFO - start bot
2023-02-05 16:18:31,737 - INFO - Scheduler started
2023-02-05 16:18:56,341 - INFO - Received signal 2 (SIGINT), stopping...
2023-02-05 16:18:56,341 - INFO - Scheduler has been shut down
